[debug] [2021-04-15T17:02:30.465Z] ----------------------------------------------------------------------
[debug] [2021-04-15T17:02:30.467Z] Command:       C:\Program Files\nodejs\node.exe C:\Users\88019\AppData\Roaming\npm\node_modules\firebase-tools\lib\bin\firebase.js init
[debug] [2021-04-15T17:02:30.467Z] CLI Version:   9.9.0
[debug] [2021-04-15T17:02:30.467Z] Platform:      win32
[debug] [2021-04-15T17:02:30.467Z] Node Version:  v14.15.4
[debug] [2021-04-15T17:02:30.468Z] Time:          Thu Apr 15 2021 23:02:30 GMT+0600 (Bangladesh Standard Time)
[debug] [2021-04-15T17:02:30.468Z] ----------------------------------------------------------------------
[debug] 
[debug] [2021-04-15T17:02:30.471Z] >>> [apiv2][query] GET https://firebase-public.firebaseio.com/cli.json [none]
[debug] [2021-04-15T17:02:30.493Z] > command requires scopes: ["email","openid","https://www.googleapis.com/auth/cloudplatformprojects.readonly","https://www.googleapis.com/auth/firebase","https://www.googleapis.com/auth/cloud-platform"]
[debug] [2021-04-15T17:02:30.493Z] > authorizing via signed-in user (reazul.islam.cse@gmail.com)
[info] 
     ######## #### ########  ######## ########     ###     ######  ########
     ##        ##  ##     ## ##       ##     ##  ##   ##  ##       ##
     ######    ##  ########  ######   ########  #########  ######  ######
     ##        ##  ##    ##  ##       ##     ## ##     ##       ## ##
     ##       #### ##     ## ######## ########  ##     ##  ######  ########

You're about to initialize a Firebase project in this directory:

  C:\Web-Design & Development Project\assignment-11\computer-services-project\computer-services-client

Before we get started, keep in mind:

  * You are currently outside your home directory

[debug] [2021-04-15T17:02:31.323Z] <<< [apiv2][status] GET https://firebase-public.firebaseio.com/cli.json 200
[debug] [2021-04-15T17:02:31.324Z] <<< [apiv2][body] GET https://firebase-public.firebaseio.com/cli.json {"cloudBuildErrorAfter":1594252800000,"cloudBuildWarnAfter":1590019200000,"defaultNode10After":1594252800000,"minVersion":"3.0.5","node8DeploysDisabledAfter":1613390400000,"node8RuntimeDisabledAfter":1615809600000,"node8WarnAfter":1600128000000}
